<?xml version="1.0" encoding="UTF-8"?>
<testng-results ignored="0" total="1" passed="1" failed="0" skipped="0">
  <reporter-output>
  </reporter-output>
  <suite started-at="2021-09-07T23:09:20 CEST" name="Default suite" finished-at="2021-09-07T23:09:20 CEST" duration-ms="79">
    <groups>
    </groups>
    <test started-at="2021-09-07T23:09:20 CEST" name="Default test" finished-at="2021-09-07T23:09:20 CEST" duration-ms="79">
      <class name="Udemy.SDET.KK.Streams">
        <test-method signature="TC1()[pri:0, instance:Udemy.SDET.KK.Streams@2fd6b6c7]" started-at="2021-09-07T23:09:20 CEST" name="TC1" finished-at="2021-09-07T23:09:20 CEST" duration-ms="20" status="PASS">
          <reporter-output>
          </reporter-output>
        </test-method> <!-- TC1 -->
      </class> <!-- Udemy.SDET.KK.Streams -->
    </test> <!-- Default test -->
  </suite> <!-- Default suite -->
</testng-results>
